<?xml version="1.0" encoding="UTF-8"?>
<testsuite name="ULIDUtilsTest" tests="3" skipped="0" failures="0" errors="0" timestamp="2025-03-13T00:55:28" hostname="MacBook-Pro-Pardo.local" time="0.075">
  <properties/>
  <testcase name="fallaConULIDInvalido()" classname="ULIDUtilsTest" time="0.056"/>
  <testcase name="codificaULIDCorrectamente()" classname="ULIDUtilsTest" time="0.006"/>
  <testcase name="parseaULIDCorrectamente()" classname="ULIDUtilsTest" time="0.005"/>
  <system-out><![CDATA[]]></system-out>
  <system-err><![CDATA[]]></system-err>
</testsuite>
